PHPUnit 4.2.6 by Sebastian Bergmann.

Configuration read from /media/win_d/Projetos/sistema-cinevi/app/phpunit.xml.dist

[31;1mE[0m

Time: 6.33 seconds, Memory: 50.25Mb

There was 1 error:

1) Cinevi\AlmoxarifadoBundle\Tests\Controller\CalendarEventControllerTest::testCompleteScenario
InvalidArgumentException: The current node list is empty.

/media/win_d/Projetos/sistema-cinevi/vendor/symfony/symfony/src/Symfony/Component/DomCrawler/Crawler.php:752
/media/win_d/Projetos/sistema-cinevi/src/Cinevi/AdminBundle/Tests/Controller/RestfulCrudControllerTest.php:92
/media/win_d/Projetos/sistema-cinevi/src/Cinevi/AdminBundle/Tests/Controller/RestfulCrudControllerTest.php:40
[37;41m                                   [0m
[37;41mFAILURES!                          [0m
[37;41mTests: 1, Assertions: 3, Errors: 1.[0m

Remaining deprecation notices (3)

Passing a $salt to Symfony\Component\Security\Core\Encoder\BCryptPasswordEncoder::encodePassword() is deprecated since version 2.8 and will be ignored in 3.0: 2x
    2x in CalendarEventControllerTest::setUp from Cinevi\AlmoxarifadoBundle\Tests\Controller

The hardcoded value you are using for the $referenceType argument of the Symfony\Component\Routing\Generator\UrlGenerator::generate method is deprecated since version 2.8 and will not be supported anymore in 3.0. Use the constants defined in the UrlGeneratorInterface instead: 1x
    1x in CalendarEventControllerTest::testCompleteScenario from Cinevi\AlmoxarifadoBundle\Tests\Controller

